<?xml version="1.0" encoding="UTF-8"?>
<!-- Generated by org.testng.reporters.JUnitReportReporter -->
<testsuite hostname="LAPTOP-JS5I301N" failures="0" tests="2" name="Academy.NavigationBarTest" time="0.015" errors="0" timestamp="2020-07-13T02:06:49 IST" skipped="0">
  <testcase classname="Academy.NavigationBarTest" name="Demo1" time="0.013"/>
  <system-out/>
  <testcase classname="Academy.NavigationBarTest" name="Demo2" time="0.002"/>
  <system-out/>
</testsuite> <!-- Academy.NavigationBarTest -->
