<?xml version="1.0" encoding="UTF-8"?>
<!-- Generated by org.testng.reporters.JUnitReportReporter -->
<testsuite hostname="LAPTOP-JS5I301N" failures="0" tests="2" name="Academy.HomepageTest" time="6.193" errors="0" timestamp="2020-07-19T01:23:45 IST" skipped="0">
  <testcase classname="Academy.HomepageTest" name="HomeLogin" time="4.373"/>
  <system-out/>
  <testcase classname="Academy.HomepageTest" name="HomeLogin" time="1.820"/>
  <system-out/>
</testsuite> <!-- Academy.HomepageTest -->
