<?xml version="1.0" encoding="UTF-8"?>
<!-- Generated by org.testng.reporters.JUnitReportReporter -->
<testsuite hostname="LAPTOP-JS5I301N" failures="0" tests="2" name="Academy.HomepageTest" time="11.915" errors="0" timestamp="2020-07-06T16:16:49 IST" skipped="0">
  <testcase classname="Academy.HomepageTest" name="HomeLogin" time="2.373"/>
  <system-out/>
  <testcase classname="Academy.HomepageTest" name="HomeLogin" time="9.542"/>
  <system-out/>
</testsuite> <!-- Academy.HomepageTest -->
