<?xml version="1.0" encoding="UTF-8"?>
<!-- Generated by org.testng.reporters.JUnitReportReporter -->
<testsuite hostname="LAPTOP-JS5I301N" failures="0" tests="1" name="Academy.NavigationBarTest" time="0.400" errors="0" timestamp="2020-07-06T16:16:50 IST" skipped="0">
  <testcase classname="Academy.NavigationBarTest" name="basePageNavigation" time="0.400"/>
  <system-out/>
</testsuite> <!-- Academy.NavigationBarTest -->
